{"/home/avnerh/estudos-pessoais/estudo-ferias/valorant-Hofs/valorant_functions/agents.js": {"path":"/home/avnerh/estudos-pessoais/estudo-ferias/valorant-Hofs/valorant_functions/agents.js","statementMap":{"0":{"start":{"line":1,"column":0},"end":{"line":137,"column":2}}},"fnMap":{},"branchMap":{},"s":{"0":2},"f":{},"b":{},"_coverageSchema":"1a1c01bbd47fc00a2c39e90264f33305004495a9","hash":"3dabb5bdf084c392bbd9cc7d28a7fedb9e987453"}
,"/home/avnerh/estudos-pessoais/estudo-ferias/valorant-Hofs/valorant_functions/getAgents.js": {"path":"/home/avnerh/estudos-pessoais/estudo-ferias/valorant-Hofs/valorant_functions/getAgents.js","statementMap":{"0":{"start":{"line":1,"column":15},"end":{"line":1,"column":54}},"1":{"start":{"line":3,"column":18},"end":{"line":6,"column":1}},"2":{"start":{"line":4,"column":23},"end":{"line":4,"column":36}},"3":{"start":{"line":5,"column":4},"end":{"line":5,"column":22}},"4":{"start":{"line":9,"column":0},"end":{"line":9,"column":27}}},"fnMap":{"0":{"name":"(anonymous_0)","decl":{"start":{"line":3,"column":18},"end":{"line":3,"column":19}},"loc":{"start":{"line":3,"column":24},"end":{"line":6,"column":1}},"line":3}},"branchMap":{},"s":{"0":1,"1":1,"2":1,"3":1,"4":1},"f":{"0":1},"b":{},"_coverageSchema":"1a1c01bbd47fc00a2c39e90264f33305004495a9","hash":"ca5f7da60e6de9e8c8b6be1a1cf9e521bcbff226"}
,"/home/avnerh/estudos-pessoais/estudo-ferias/valorant-Hofs/valorant_functions/getDuelists.js": {"path":"/home/avnerh/estudos-pessoais/estudo-ferias/valorant-Hofs/valorant_functions/getDuelists.js","statementMap":{"0":{"start":{"line":1,"column":15},"end":{"line":1,"column":54}},"1":{"start":{"line":3,"column":20},"end":{"line":9,"column":1}},"2":{"start":{"line":4,"column":3},"end":{"line":8,"column":5}},"3":{"start":{"line":5,"column":4},"end":{"line":7,"column":5}},"4":{"start":{"line":6,"column":8},"end":{"line":6,"column":20}},"5":{"start":{"line":12,"column":0},"end":{"line":12,"column":29}}},"fnMap":{"0":{"name":"(anonymous_0)","decl":{"start":{"line":3,"column":20},"end":{"line":3,"column":21}},"loc":{"start":{"line":3,"column":26},"end":{"line":9,"column":1}},"line":3},"1":{"name":"(anonymous_1)","decl":{"start":{"line":4,"column":24},"end":{"line":4,"column":25}},"loc":{"start":{"line":4,"column":34},"end":{"line":8,"column":4}},"line":4}},"branchMap":{"0":{"loc":{"start":{"line":5,"column":4},"end":{"line":7,"column":5}},"type":"if","locations":[{"start":{"line":5,"column":4},"end":{"line":7,"column":5}},{"start":{},"end":{}}],"line":5}},"s":{"0":1,"1":1,"2":2,"3":38,"4":12,"5":1},"f":{"0":2,"1":38},"b":{"0":[12,26]},"_coverageSchema":"1a1c01bbd47fc00a2c39e90264f33305004495a9","hash":"822e9eafaef9ad03bb0675e19d51eb740d1e8ee0"}
}
